<?xml version="1.0" encoding="UTF-8"?>
<testsuite xmlns:xsi="http://www.w3.org/2001/XMLSchema-instance" xsi:noNamespaceSchemaLocation="https://maven.apache.org/surefire/maven-surefire-plugin/xsd/surefire-test-report-3.0.xsd" version="3.0" name="TestSuite" time="21.787" tests="1" errors="0" skipped="0" failures="0">
  <properties>
[...]
</properties>
  <testcase name="automateScenario[https://practicesoftwaretesting.com/, customer@practicesoftwaretesting.com, welcome01, 123 Main St, Anytown, CA, USA, 12345, Payment was successful, Thanks for your order! Your invoice number is](1)" classname="tests.Checkout" time="16.455">
    <system-out><![CDATA[03:34:50.124 [main] INFO  tests.Checkout - Starting checkout automation scenario
03:34:50.124 [main] INFO  tests.Checkout - Navigating to URL: https://practicesoftwaretesting.com/
03:34:51.822 [main] INFO  tests.Checkout - Initializing HomePage object
03:34:51.822 [main] INFO  tests.Checkout - Clicking on Sign In button
03:34:52.338 [main] INFO  tests.Checkout - Entering email address: customer@practicesoftwaretesting.com
03:34:53.242 [main] INFO  tests.Checkout - Entering password
03:34:53.554 [main] INFO  tests.Checkout - Clicking Login button
03:34:53.856 [main] INFO  tests.Checkout - Verifying menu button is displayed
03:34:55.785 [main] INFO  tests.Checkout - Returning to home page
03:34:56.384 [main] INFO  tests.Checkout - Clicking on product
03:34:57.203 [main] INFO  tests.Checkout - Adding product to cart
03:34:58.110 [main] INFO  tests.Checkout - Verifying product is added to cart
03:34:59.434 [main] INFO  tests.Checkout - Returning to home page again
03:35:00.022 [main] INFO  tests.Checkout - Clicking on cart
03:35:00.511 [main] INFO  tests.Checkout - Proceeding to first checkout page
03:35:01.355 [main] INFO  tests.Checkout - Proceeding to second checkout page
03:35:01.678 [main] INFO  tests.Checkout - Filling billing information: 123 Main St, Anytown, CA, USA, 12345
03:35:02.635 [main] INFO  tests.Checkout - Proceeding to third checkout page
03:35:02.943 [main] INFO  tests.Checkout - Choosing payment method
03:35:03.255 [main] INFO  tests.Checkout - Finalizing order
03:35:03.522 [main] INFO  tests.Checkout - Getting payment confirmation message
03:35:04.833 [main] INFO  tests.Checkout - Verifying payment confirmation message: expected 'Payment was successful', got 'Payment was successful'
03:35:05.032 [main] INFO  tests.Checkout - Finalizing order again
03:35:05.346 [main] INFO  tests.Checkout - Getting order confirmation message
03:35:06.118 [main] INFO  tests.Checkout - Verifying order confirmation message contains: Thanks for your order! Your invoice number is
03:35:06.307 [main] INFO  tests.Checkout - Verifying cart is not displayed
03:35:06.542 [main] INFO  tests.Checkout - Checkout automation scenario completed successfully
]]></system-out>
    <system-err><![CDATA[SLF4J(W): No SLF4J providers were found.
SLF4J(W): Defaulting to no-operation (NOP) logger implementation
SLF4J(W): See https://www.slf4j.org/codes.html#noProviders for further details.
]]></system-err>
  </testcase>
</testsuite>