<?xml version="1.0" encoding="UTF-8"?>
<testng-results ignored="0" total="1" passed="1" failed="0" skipped="0">
  <reporter-output>
  </reporter-output>
  <suite started-at="2025-11-17T03:34:47 EET" name="Surefire suite" finished-at="2025-11-17T03:35:06 EET" duration-ms="19813">
    <groups>
    </groups>
    <test started-at="2025-11-17T03:34:47 EET" name="Surefire test" finished-at="2025-11-17T03:35:06 EET" duration-ms="19813">
      <class name="tests.Checkout">
        <test-method is-config="true" signature="initializeDriver()[pri:0, instance:tests.Checkout@5b58ed3c]" started-at="2025-11-17T03:34:47 EET" name="initializeDriver" finished-at="2025-11-17T03:34:50 EET" duration-ms="2772" status="PASS">
          <reporter-output>
          </reporter-output>
        </test-method> <!-- initializeDriver -->
        <test-method signature="automateScenario(java.lang.String,java.lang.String,java.lang.String,java.lang.String,java.lang.String,java.lang.String,java.lang.String,java.lang.String,java.lang.String,java.lang.String)[pri:0, instance:tests.Checkout@5b58ed3c]" started-at="2025-11-17T03:34:50 EET" name="automateScenario" data-provider="checkoutData" finished-at="2025-11-17T03:35:06 EET" duration-ms="16451" status="PASS">
          <params>
            <param index="0">
              <value>
                <![CDATA[https://practicesoftwaretesting.com/]]>
              </value>
            </param>
            <param index="1">
              <value>
                <![CDATA[customer@practicesoftwaretesting.com]]>
              </value>
            </param>
            <param index="2">
              <value>
                <![CDATA[welcome01]]>
              </value>
            </param>
            <param index="3">
              <value>
                <![CDATA[123 Main St]]>
              </value>
            </param>
            <param index="4">
              <value>
                <![CDATA[Anytown]]>
              </value>
            </param>
            <param index="5">
              <value>
                <![CDATA[CA]]>
              </value>
            </param>
            <param index="6">
              <value>
                <![CDATA[USA]]>
              </value>
            </param>
            <param index="7">
              <value>
                <![CDATA[12345]]>
              </value>
            </param>
            <param index="8">
              <value>
                <![CDATA[Payment was successful]]>
              </value>
            </param>
            <param index="9">
              <value>
                <![CDATA[Thanks for your order! Your invoice number is]]>
              </value>
            </param>
          </params>
          <reporter-output>
          </reporter-output>
        </test-method> <!-- automateScenario -->
        <test-method is-config="true" signature="quitDriver()[pri:0, instance:tests.Checkout@5b58ed3c]" started-at="2025-11-17T03:35:06 EET" name="quitDriver" finished-at="2025-11-17T03:35:06 EET" duration-ms="210" status="PASS">
          <reporter-output>
          </reporter-output>
        </test-method> <!-- quitDriver -->
      </class> <!-- tests.Checkout -->
    </test> <!-- Surefire test -->
  </suite> <!-- Surefire suite -->
</testng-results>
