<?xml version="1.0" encoding="UTF-8"?>
<testsuite xmlns:xsi="http://www.w3.org/2001/XMLSchema-instance" xsi:noNamespaceSchemaLocation="https://maven.apache.org/surefire/maven-surefire-plugin/xsd/surefire-test-report-3.0.xsd" version="3.0" name="tests.CreateUserTest" time="3.413" tests="1" errors="0" skipped="0" failures="0">
  <properties>
[...]
</properties>
  <testcase name="testCreateUser" classname="tests.CreateUserTest" time="2.335">
    <system-out><![CDATA[2025-11-17T01:31:17.644378400Z main WARN The use of package scanning to locate Log4j plugins is deprecated.
Please remove the `packages` attribute from your configuration file.
See https://logging.apache.org/log4j/2.x/faq.html#package-scanning for details.
2025-11-17T01:31:17.665652Z main WARN Some custom `Core` Log4j plugins are not properly registered:
	utils.LogAppender
Please consider reporting this to the maintainers of these plugins.
See https://logging.apache.org/log4j/2.x/manual/plugins.html#plugin-registry for details.
03:31:17.882 [main] INFO  tests.CreateUserTest - Reading user data from JSON file
03:31:18.004 [main] INFO  tests.CreateUserTest - User data read successfully: {name=John Doe, job=QA Engineer}
03:31:18.008 [main] INFO  tests.CreateUserTest - Creating request body for user: John Doe with job: QA Engineer
03:31:18.008 [main] INFO  tests.CreateUserTest - Request body created: {
  "name": "John Doe",
  "job": "QA Engineer"
}
03:31:18.028 [main] INFO  tests.CreateUserTest - Sending POST request to create user
03:31:19.710 [main] INFO  tests.CreateUserTest - POST request sent, response status: 201
03:31:19.724 [main] INFO  tests.CreateUserTest - Verifying response status code
03:31:19.728 [main] INFO  tests.CreateUserTest - Status code verified: 201
03:31:19.729 [main] INFO  tests.CreateUserTest - Verifying response time
03:31:19.732 [main] INFO  tests.CreateUserTest - Response time: 797 ms
03:31:19.732 [main] INFO  tests.CreateUserTest - Response time validated: 797 ms < 1000 ms
03:31:19.733 [main] INFO  tests.CreateUserTest - Verifying response body
03:31:20.195 [main] INFO  tests.CreateUserTest - Response body verified: name=John Doe, job=QA Engineer
]]></system-out>
    <system-err><![CDATA[SLF4J: Failed to load class "org.slf4j.impl.StaticLoggerBinder".
SLF4J: Defaulting to no-operation (NOP) logger implementation
SLF4J: See http://www.slf4j.org/codes.html#StaticLoggerBinder for further details.
]]></system-err>
  </testcase>
</testsuite>