<?xml version="1.0" encoding="UTF-8"?>
<testng-results ignored="0" total="1" passed="1" failed="0" skipped="0">
  <reporter-output>
  </reporter-output>
  <suite started-at="2025-11-17T03:31:17 EET" name="Surefire suite" finished-at="2025-11-17T03:31:20 EET" duration-ms="2460">
    <groups>
    </groups>
    <test started-at="2025-11-17T03:31:17 EET" name="Surefire test" finished-at="2025-11-17T03:31:20 EET" duration-ms="2460">
      <class name="tests.CreateUserTest">
        <test-method signature="testCreateUser()[pri:0, instance:tests.CreateUserTest@1253e7cb]" started-at="2025-11-17T03:31:17 EET" name="testCreateUser" finished-at="2025-11-17T03:31:20 EET" duration-ms="2371" status="PASS">
          <reporter-output>
          </reporter-output>
        </test-method> <!-- testCreateUser -->
      </class> <!-- tests.CreateUserTest -->
    </test> <!-- Surefire test -->
  </suite> <!-- Surefire suite -->
</testng-results>
